[debug] [2021-05-22T19:53:07.636Z] ----------------------------------------------------------------------
[debug] [2021-05-22T19:53:07.640Z] Command:       C:\Program Files (x86)\nodejs\node.exe C:\Users\patro\AppData\Roaming\npm\node_modules\firebase-tools\lib\bin\firebase.js init
[debug] [2021-05-22T19:53:07.641Z] CLI Version:   9.11.0
[debug] [2021-05-22T19:53:07.641Z] Platform:      win32
[debug] [2021-05-22T19:53:07.641Z] Node Version:  v14.17.0
[debug] [2021-05-22T19:53:07.643Z] Time:          Sat May 22 2021 22:53:07 GMT+0300 (Eastern European Summer Time)
[debug] [2021-05-22T19:53:07.643Z] ----------------------------------------------------------------------
[debug] 
[debug] [2021-05-22T19:53:07.655Z] > command requires scopes: ["email","openid","https://www.googleapis.com/auth/cloudplatformprojects.readonly","https://www.googleapis.com/auth/firebase","https://www.googleapis.com/auth/cloud-platform"]
[debug] [2021-05-22T19:53:07.656Z] > authorizing via signed-in user (accesip58@gmail.com)
[info] 
     ######## #### ########  ######## ########     ###     ######  ########
     ##        ##  ##     ## ##       ##     ##  ##   ##  ##       ##
     ######    ##  ########  ######   ########  #########  ######  ######
     ##        ##  ##    ##  ##       ##     ## ##     ##       ## ##
     ##       #### ##     ## ######## ########  ##     ##  ######  ########

You're about to initialize a Firebase project in this directory:

  E:\_Programare\_Web\IP\WEB_APP IP

[info] 
=== Project Setup
[info] 
[info] First, let's associate this project directory with a Firebase project.
[info] You can create multiple project aliases by running firebase use --add, 
[info] but for now we'll just set up a default project.
[info] 
[debug] [2021-05-22T19:54:19.099Z] >>> [apiv2][query] GET https://firebase.googleapis.com/v1beta1/projects pageSize=100
[debug] [2021-05-22T19:54:19.548Z] <<< [apiv2][status] GET https://firebase.googleapis.com/v1beta1/projects 200
[debug] [2021-05-22T19:54:19.548Z] <<< [apiv2][body] GET https://firebase.googleapis.com/v1beta1/projects [omitted]
[info] i  Using project acces-ee9dd (Acces) 
[info] 
=== Hosting Setup
[info] 
[info] Your public directory is the folder (relative to your project directory) that
[info] will contain Hosting assets to be uploaded with firebase deploy. If you
[info] have a build process for your assets, use your build's output directory.
[info] 
